kotlin version: 1.9.0
error message: org.jetbrains.kotlin.backend.common.BackendException: Backend Internal error: Exception during IR lowering
File being compiled: /Users/lorenzo/Documents/Università/Programmazione dipositivi mobili/Progetto/UniPlan/app/src/main/java/com/example/uniplan/AddSubjects.kt
The root cause java.lang.RuntimeException was thrown at: org.jetbrains.kotlin.backend.jvm.codegen.FunctionCodegen.generate(FunctionCodegen.kt:51)
	at org.jetbrains.kotlin.backend.common.CodegenUtil.reportBackendException(CodegenUtil.kt:253)
	at org.jetbrains.kotlin.backend.common.CodegenUtil.reportBackendException$default(CodegenUtil.kt:237)
	at org.jetbrains.kotlin.backend.common.phaser.PerformByIrFilePhase.invokeSequential(performByIrFile.kt:68)
	at org.jetbrains.kotlin.backend.common.phaser.PerformByIrFilePhase.invoke(performByIrFile.kt:55)
	at org.jetbrains.kotlin.backend.common.phaser.PerformByIrFilePhase.invoke(performByIrFile.kt:41)
	at org.jetbrains.kotlin.backend.common.phaser.NamedCompilerPhase.phaseBody(CompilerPhase.kt:147)
	at org.jetbrains.kotlin.backend.common.phaser.AbstractNamedCompilerPhase.invoke(CompilerPhase.kt:94)
	at org.jetbrains.kotlin.backend.common.phaser.CompositePhase.invoke(PhaseBuilders.kt:29)
	at org.jetbrains.kotlin.backend.common.phaser.CompositePhase.invoke(PhaseBuilders.kt:16)
	at org.jetbrains.kotlin.backend.common.phaser.NamedCompilerPhase.phaseBody(CompilerPhase.kt:147)
	at org.jetbrains.kotlin.backend.common.phaser.AbstractNamedCompilerPhase.invoke(CompilerPhase.kt:94)
	at org.jetbrains.kotlin.backend.common.phaser.CompilerPhaseKt.invokeToplevel(CompilerPhase.kt:43)
	at org.jetbrains.kotlin.backend.jvm.JvmIrCodegenFactory.invokeCodegen(JvmIrCodegenFactory.kt:357)
	at org.jetbrains.kotlin.cli.jvm.compiler.KotlinToJVMBytecodeCompiler.runCodegen(KotlinToJVMBytecodeCompiler.kt:347)
	at org.jetbrains.kotlin.cli.jvm.compiler.KotlinToJVMBytecodeCompiler.compileModules$cli(KotlinToJVMBytecodeCompiler.kt:122)
	at org.jetbrains.kotlin.cli.jvm.compiler.KotlinToJVMBytecodeCompiler.compileModules$cli$default(KotlinToJVMBytecodeCompiler.kt:47)
	at org.jetbrains.kotlin.cli.jvm.K2JVMCompiler.doExecute(K2JVMCompiler.kt:168)
	at org.jetbrains.kotlin.cli.jvm.K2JVMCompiler.doExecute(K2JVMCompiler.kt:53)
	at org.jetbrains.kotlin.cli.common.CLICompiler.execImpl(CLICompiler.kt:100)
	at org.jetbrains.kotlin.cli.common.CLICompiler.execImpl(CLICompiler.kt:46)
	at org.jetbrains.kotlin.cli.common.CLITool.exec(CLITool.kt:101)
	at org.jetbrains.kotlin.incremental.IncrementalJvmCompilerRunner.runCompiler(IncrementalJvmCompilerRunner.kt:460)
	at org.jetbrains.kotlin.incremental.IncrementalJvmCompilerRunner.runCompiler(IncrementalJvmCompilerRunner.kt:62)
	at org.jetbrains.kotlin.incremental.IncrementalCompilerRunner.doCompile(IncrementalCompilerRunner.kt:476)
	at org.jetbrains.kotlin.incremental.IncrementalCompilerRunner.compileImpl(IncrementalCompilerRunner.kt:399)
	at org.jetbrains.kotlin.incremental.IncrementalCompilerRunner.compileNonIncrementally(IncrementalCompilerRunner.kt:280)
	at org.jetbrains.kotlin.incremental.IncrementalCompilerRunner.compile(IncrementalCompilerRunner.kt:124)
	at org.jetbrains.kotlin.daemon.CompileServiceImplBase.execIncrementalCompiler(CompileServiceImpl.kt:636)
	at org.jetbrains.kotlin.daemon.CompileServiceImplBase.access$execIncrementalCompiler(CompileServiceImpl.kt:101)
	at org.jetbrains.kotlin.daemon.CompileServiceImpl.compile(CompileServiceImpl.kt:1598)
	at java.base/jdk.internal.reflect.NativeMethodAccessorImpl.invoke0(Native Method)
	at java.base/jdk.internal.reflect.NativeMethodAccessorImpl.invoke(Unknown Source)
	at java.base/jdk.internal.reflect.DelegatingMethodAccessorImpl.invoke(Unknown Source)
	at java.base/java.lang.reflect.Method.invoke(Unknown Source)
	at java.rmi/sun.rmi.server.UnicastServerRef.dispatch(Unknown Source)
	at java.rmi/sun.rmi.transport.Transport$1.run(Unknown Source)
	at java.rmi/sun.rmi.transport.Transport$1.run(Unknown Source)
	at java.base/java.security.AccessController.doPrivileged(Unknown Source)
	at java.rmi/sun.rmi.transport.Transport.serviceCall(Unknown Source)
	at java.rmi/sun.rmi.transport.tcp.TCPTransport.handleMessages(Unknown Source)
	at java.rmi/sun.rmi.transport.tcp.TCPTransport$ConnectionHandler.run0(Unknown Source)
	at java.rmi/sun.rmi.transport.tcp.TCPTransport$ConnectionHandler.lambda$run$0(Unknown Source)
	at java.base/java.security.AccessController.doPrivileged(Unknown Source)
	at java.rmi/sun.rmi.transport.tcp.TCPTransport$ConnectionHandler.run(Unknown Source)
	at java.base/java.util.concurrent.ThreadPoolExecutor.runWorker(Unknown Source)
	at java.base/java.util.concurrent.ThreadPoolExecutor$Worker.run(Unknown Source)
	at java.base/java.lang.Thread.run(Unknown Source)
Caused by: java.lang.RuntimeException: Exception while generating code for:
FUN name:onCreate visibility:protected modality:OPEN <> ($this:com.example.uniplan.AddSubjects, savedInstanceState:android.os.Bundle?) returnType:kotlin.Unit
  annotations:
    RequiresApi(value = '26', api = <null>)
  overridden:
    protected/*protected and package*/ open fun onCreate (p0: @[EnhancedNullability] android.os.Bundle?): kotlin.Unit [fake_override] declared in androidx.appcompat.app.AppCompatActivity
  $this: VALUE_PARAMETER name:<this> type:com.example.uniplan.AddSubjects
  VALUE_PARAMETER name:savedInstanceState index:0 type:android.os.Bundle?
  BLOCK_BODY
    CALL 'protected/*protected and package*/ open fun onCreate (p0: @[EnhancedNullability] android.os.Bundle?): kotlin.Unit [fake_override] declared in androidx.appcompat.app.AppCompatActivity' superQualifier='CLASS IR_EXTERNAL_JAVA_DECLARATION_STUB CLASS name:AppCompatActivity modality:OPEN visibility:public superTypes:[androidx.fragment.app.FragmentActivity; androidx.appcompat.app.AppCompatCallback; androidx.core.app.TaskStackBuilder.SupportParentable; androidx.appcompat.app.ActionBarDrawerToggle.DelegateProvider]' type=kotlin.Unit origin=null
      $this: GET_VAR '<this>: com.example.uniplan.AddSubjects declared in com.example.uniplan.AddSubjects.onCreate' type=com.example.uniplan.AddSubjects origin=null
      p0: GET_VAR 'savedInstanceState: android.os.Bundle? declared in com.example.uniplan.AddSubjects.onCreate' type=android.os.Bundle? origin=null
    CALL 'public final fun enableEdgeToEdge$default (statusBarStyle: androidx.activity.SystemBarStyle?, navigationBarStyle: androidx.activity.SystemBarStyle?, $mask0: kotlin.Int, $handler: kotlin.Any?): kotlin.Unit declared in androidx.activity.EdgeToEdge' type=kotlin.Unit origin=DEFAULT_DISPATCH_CALL
      $receiver: GET_VAR '<this>: com.example.uniplan.AddSubjects declared in com.example.uniplan.AddSubjects.onCreate' type=com.example.uniplan.AddSubjects origin=null
      statusBarStyle: COMPOSITE type=androidx.activity.SystemBarStyle? origin=DEFAULT_VALUE
        CONST Null type=androidx.activity.SystemBarStyle? value=null
      navigationBarStyle: COMPOSITE type=androidx.activity.SystemBarStyle? origin=DEFAULT_VALUE
        CONST Null type=androidx.activity.SystemBarStyle? value=null
      $mask0: CONST Int type=kotlin.Int value=3
      $handler: CONST Null type=kotlin.Any? value=null
    CALL 'public open fun setContentView (p0: kotlin.Int): kotlin.Unit [fake_override] declared in com.example.uniplan.AddSubjects' type=kotlin.Unit origin=null
      $this: GET_VAR '<this>: com.example.uniplan.AddSubjects declared in com.example.uniplan.AddSubjects.onCreate' type=com.example.uniplan.AddSubjects origin=null
      p0: GET_FIELD 'FIELD IR_EXTERNAL_JAVA_DECLARATION_STUB name:activity_add_subjects type:kotlin.Int visibility:public [static]' type=kotlin.Int origin=GET_PROPERTY
    CALL 'public open fun setOnApplyWindowInsetsListener (p0: @[EnhancedNullability] android.view.View, p1: @[EnhancedNullability] androidx.core.view.OnApplyWindowInsetsListener?): kotlin.Unit declared in androidx.core.view.ViewCompat' type=kotlin.Unit origin=null
      p0: CALL 'public open fun findViewById <T> (p0: kotlin.Int): @[FlexibleNullability] T of com.example.uniplan.AddSubjects.findViewById? [fake_override] declared in com.example.uniplan.AddSubjects' type=@[FlexibleNullability] android.view.View? origin=null
        <T>: @[FlexibleNullability] android.view.View?
        $this: GET_VAR '<this>: com.example.uniplan.AddSubjects declared in com.example.uniplan.AddSubjects.onCreate' type=com.example.uniplan.AddSubjects origin=null
        p0: GET_FIELD 'FIELD IR_EXTERNAL_JAVA_DECLARATION_STUB name:main type:kotlin.Int visibility:public [static]' type=kotlin.Int origin=GET_PROPERTY
      p1: BLOCK type=androidx.core.view.OnApplyWindowInsetsListener origin=LAMBDA
        COMPOSITE type=kotlin.Unit origin=null
        CALL 'public final fun <jvm-indy> <T> (dynamicCall: T of kotlin.jvm.internal.<jvm-indy>, bootstrapMethodHandle: kotlin.Any, vararg bootstrapMethodArguments: kotlin.Any): T of kotlin.jvm.internal.<jvm-indy> declared in kotlin.jvm.internal' type=androidx.core.view.OnApplyWindowInsetsListener origin=null
          <T>: androidx.core.view.OnApplyWindowInsetsListener
          dynamicCall: CALL 'public final fun onApplyWindowInsets (): androidx.core.view.OnApplyWindowInsetsListener declared in kotlin.jvm.internal.invokeDynamic' type=androidx.core.view.OnApplyWindowInsetsListener origin=null
          bootstrapMethodHandle: CALL 'public final fun <jvm-method-handle> (tag: kotlin.Int, owner: kotlin.String, name: kotlin.String, descriptor: kotlin.String, isInterface: kotlin.Boolean): kotlin.Any declared in kotlin.jvm.internal' type=kotlin.Any origin=null
            tag: CONST Int type=kotlin.Int value=6
            owner: CONST String type=kotlin.String value="java/lang/invoke/LambdaMetafactory"
            name: CONST String type=kotlin.String value="metafactory"
            descriptor: CONST String type=kotlin.String value="(Ljava/lang/invoke/MethodHandles$Lookup;Ljava/lang/String;Ljava/lang/invoke/MethodType;Ljava/lang/invoke/MethodType;Ljava/lang/invoke/MethodHandle;Ljava/lang/invoke/MethodType;)Ljava/lang/invoke/CallSite;"
            isInterface: CONST Boolean type=kotlin.Boolean value=false
          bootstrapMethodArguments: VARARG type=kotlin.Array<kotlin.Any> varargElementType=kotlin.Any
            CALL 'public final fun <jvm-original-method-type> (method: kotlin.Any): kotlin.Any declared in kotlin.jvm.internal' type=kotlin.Any origin=null
              method: RAW_FUNCTION_REFERENCE 'public abstract fun onApplyWindowInsets (p0: @[EnhancedNullability] android.view.View, p1: @[EnhancedNullability] androidx.core.view.WindowInsetsCompat): @[EnhancedNullability] androidx.core.view.WindowInsetsCompat declared in androidx.core.view.OnApplyWindowInsetsListener' type=kotlin.Any
            RAW_FUNCTION_REFERENCE 'private final fun onCreate$lambda$0 (v: @[EnhancedNullability] android.view.View, insets: @[EnhancedNullability] androidx.core.view.WindowInsetsCompat): @[EnhancedNullability] androidx.core.view.WindowInsetsCompat declared in com.example.uniplan.AddSubjects' type=kotlin.Any
            CALL 'public final fun <jvm-original-method-type> (method: kotlin.Any): kotlin.Any declared in kotlin.jvm.internal' type=kotlin.Any origin=null
              method: RAW_FUNCTION_REFERENCE 'public abstract fun onApplyWindowInsets (p0: @[EnhancedNullability] android.view.View, p1: @[EnhancedNullability] androidx.core.view.WindowInsetsCompat): @[EnhancedNullability] androidx.core.view.WindowInsetsCompat [fake_override] declared in kotlin.jvm.internal.invokeDynamic.<fake>' type=kotlin.Any
    VAR name:buttonSend type:@[FlexibleNullability] android.widget.Button? [val]
      CALL 'public open fun findViewById <T> (p0: kotlin.Int): @[FlexibleNullability] T of com.example.uniplan.AddSubjects.findViewById? [fake_override] declared in com.example.uniplan.AddSubjects' type=@[FlexibleNullability] android.widget.Button? origin=null
        <T>: @[FlexibleNullability] android.widget.Button?
        $this: GET_VAR '<this>: com.example.uniplan.AddSubjects declared in com.example.uniplan.AddSubjects.onCreate' type=com.example.uniplan.AddSubjects origin=null
        p0: GET_FIELD 'FIELD IR_EXTERNAL_JAVA_DECLARATION_STUB name:button4 type:kotlin.Int visibility:public [static]' type=kotlin.Int origin=GET_PROPERTY
    COMPOSITE type=kotlin.Unit origin=null
      VAR name:t type:kotlin.jvm.internal.Ref.ObjectRef<kotlin.String> [val]
        CONSTRUCTOR_CALL 'public constructor <init> () declared in kotlin.jvm.internal.Ref.ObjectRef' type=kotlin.jvm.internal.Ref.ObjectRef<kotlin.String> origin=null
          <class: T>: kotlin.String
      SET_FIELD 'FIELD IR_BUILTINS_STUB name:element type:T of kotlin.jvm.internal.Ref.ObjectRef visibility:public' type=kotlin.Unit origin=null
        receiver: GET_VAR 'val t: kotlin.jvm.internal.Ref.ObjectRef<kotlin.String> [val] declared in com.example.uniplan.AddSubjects.onCreate' type=kotlin.jvm.internal.Ref.ObjectRef<kotlin.String> origin=null
        value: CONST String type=kotlin.String value=""
    CALL 'public open fun setOnClickListener (p0: @[EnhancedNullability] android.view.View.OnClickListener?): kotlin.Unit [fake_override] declared in android.widget.Button' type=kotlin.Unit origin=null
      $this: GET_VAR 'val buttonSend: @[FlexibleNullability] android.widget.Button? [val] declared in com.example.uniplan.AddSubjects.onCreate' type=@[FlexibleNullability] android.widget.Button? origin=null
      p0: BLOCK type=android.view.View.OnClickListener origin=LAMBDA
        COMPOSITE type=kotlin.Unit origin=null
        CALL 'public final fun <jvm-indy> <T> (dynamicCall: T of kotlin.jvm.internal.<jvm-indy>, bootstrapMethodHandle: kotlin.Any, vararg bootstrapMethodArguments: kotlin.Any): T of kotlin.jvm.internal.<jvm-indy> declared in kotlin.jvm.internal' type=android.view.View.OnClickListener origin=null
          <T>: android.view.View.OnClickListener
          dynamicCall: CALL 'public final fun onClick (p0: kotlin.jvm.internal.Ref.ObjectRef<kotlin.String>, p1: com.example.uniplan.AddSubjects): android.view.View.OnClickListener declared in kotlin.jvm.internal.invokeDynamic' type=android.view.View.OnClickListener origin=null
            p0: GET_VAR 'val t: kotlin.jvm.internal.Ref.ObjectRef<kotlin.String> [val] declared in com.example.uniplan.AddSubjects.onCreate' type=kotlin.jvm.internal.Ref.ObjectRef<kotlin.String> origin=null
            p1: GET_VAR '<this>: com.example.uniplan.AddSubjects declared in com.example.uniplan.AddSubjects.onCreate' type=com.example.uniplan.AddSubjects origin=null
          bootstrapMethodHandle: CALL 'public final fun <jvm-method-handle> (tag: kotlin.Int, owner: kotlin.String, name: kotlin.String, descriptor: kotlin.String, isInterface: kotlin.Boolean): kotlin.Any declared in kotlin.jvm.internal' type=kotlin.Any origin=null
            tag: CONST Int type=kotlin.Int value=6
            owner: CONST String type=kotlin.String value="java/lang/invoke/LambdaMetafactory"
            name: CONST String type=kotlin.String value="metafactory"
            descriptor: CONST String type=kotlin.String value="(Ljava/lang/invoke/MethodHandles$Lookup;Ljava/lang/String;Ljava/lang/invoke/MethodType;Ljava/lang/invoke/MethodType;Ljava/lang/invoke/MethodHandle;Ljava/lang/invoke/MethodType;)Ljava/lang/invoke/CallSite;"
            isInterface: CONST Boolean type=kotlin.Boolean value=false
          bootstrapMethodArguments: VARARG type=kotlin.Array<kotlin.Any> varargElementType=kotlin.Any
            CALL 'public final fun <jvm-original-method-type> (method: kotlin.Any): kotlin.Any declared in kotlin.jvm.internal' type=kotlin.Any origin=null
              method: RAW_FUNCTION_REFERENCE 'public abstract fun onClick (p0: @[FlexibleNullability] android.view.View?): kotlin.Unit declared in android.view.View.OnClickListener' type=kotlin.Any
            RAW_FUNCTION_REFERENCE 'private final fun onCreate$lambda$1 ($t: kotlin.jvm.internal.Ref.ObjectRef<kotlin.String>, this$0: com.example.uniplan.AddSubjects, it: @[FlexibleNullability] android.view.View?): kotlin.Unit declared in com.example.uniplan.AddSubjects' type=kotlin.Any
            CALL 'public final fun <jvm-original-method-type> (method: kotlin.Any): kotlin.Any declared in kotlin.jvm.internal' type=kotlin.Any origin=null
              method: RAW_FUNCTION_REFERENCE 'public abstract fun onClick (p0: @[FlexibleNullability] android.view.View?): kotlin.Unit [fake_override] declared in kotlin.jvm.internal.invokeDynamic.<fake>' type=kotlin.Any
    CALL 'public final fun setContent$default (parent: androidx.compose.runtime.CompositionContext?, content: @[Composable] kotlin.Function0<kotlin.Unit>, $mask0: kotlin.Int, $handler: kotlin.Any?): kotlin.Unit declared in androidx.activity.compose.ComponentActivityKt' type=kotlin.Unit origin=DEFAULT_DISPATCH_CALL
      $receiver: GET_VAR '<this>: com.example.uniplan.AddSubjects declared in com.example.uniplan.AddSubjects.onCreate' type=com.example.uniplan.AddSubjects origin=null
      parent: COMPOSITE type=androidx.compose.runtime.CompositionContext? origin=DEFAULT_VALUE
        CONST Null type=androidx.compose.runtime.CompositionContext? value=null
      content: BLOCK type=com.example.uniplan.AddSubjects.onCreate.<no name provided> origin=null
        CLASS LAMBDA_IMPL CLASS name:<no name provided> modality:FINAL visibility:public/*package*/ superTypes:[kotlin.jvm.internal.Lambda; kotlin.Function0<kotlin.Unit>]
          $this: VALUE_PARAMETER INSTANCE_RECEIVER name:<this> type:com.example.uniplan.AddSubjects.onCreate.<no name provided>
          CONSTRUCTOR GENERATED_MEMBER_IN_CALLABLE_REFERENCE visibility:public/*package*/ <> (this$0:com.example.uniplan.AddSubjects, $t:kotlin.jvm.internal.Ref.ObjectRef<kotlin.String>) returnType:com.example.uniplan.AddSubjects.onCreate.<no name provided> [primary]
            VALUE_PARAMETER BOUND_RECEIVER_PARAMETER name:this$0 index:0 type:com.example.uniplan.AddSubjects
            VALUE_PARAMETER BOUND_VALUE_PARAMETER name:$t index:1 type:kotlin.jvm.internal.Ref.ObjectRef<kotlin.String>
            BLOCK_BODY
              SET_FIELD 'FIELD FIELD_FOR_CAPTURED_VALUE name:this$0 type:com.example.uniplan.AddSubjects visibility:public/*package*/ [final]' type=kotlin.Unit origin=INITIALIZER_OF_FIELD_FOR_CAPTURED_VALUE
                receiver: GET_VAR '<this>: com.example.uniplan.AddSubjects.onCreate.<no name provided> declared in com.example.uniplan.AddSubjects.onCreate.<no name provided>' type=com.example.uniplan.AddSubjects.onCreate.<no name provided> origin=null
                value: GET_VAR 'this$0: com.example.uniplan.AddSubjects declared in com.example.uniplan.AddSubjects.onCreate.<no name provided>.<init>' type=com.example.uniplan.AddSubjects origin=null
              SET_FIELD 'FIELD FIELD_FOR_CAPTURED_VALUE name:$t type:kotlin.jvm.internal.Ref.ObjectRef<kotlin.String> visibility:public/*package*/ [final]' type=kotlin.Unit origin=INITIALIZER_OF_FIELD_FOR_CAPTURED_VALUE
                receiver: GET_VAR '<this>: com.example.uniplan.AddSubjects.onCreate.<no name provided> declared in com.example.uniplan.AddSubjects.onCreate.<no name provided>' type=com.example.uniplan.AddSubjects.onCreate.<no name provided> origin=null
                value: GET_VAR '$t: kotlin.jvm.internal.Ref.ObjectRef<kotlin.String> declared in com.example.uniplan.AddSubjects.onCreate.<no name provided>.<init>' type=kotlin.jvm.internal.Ref.ObjectRef<kotlin.String> origin=null
              DELEGATING_CONSTRUCTOR_CALL 'public constructor <init> (arity: kotlin.Int) declared in kotlin.jvm.internal.Lambda'
                arity: CONST Int type=kotlin.Int value=0
              BLOCK type=kotlin.Unit origin=null
          FUN name:invoke visibility:public modality:FINAL <> ($this:com.example.uniplan.AddSubjects.onCreate.<no name provided>) returnType:kotlin.Unit
            overridden:
              public abstract fun invoke (): R of kotlin.Function0 [operator] declared in kotlin.Function0
            $this: VALUE_PARAMETER INSTANCE_RECEIVER name:<this> type:com.example.uniplan.AddSubjects.onCreate.<no name provided>
            BLOCK_BODY
              CALL 'public final fun Surface-PPo6-fI$default (modifier: androidx.compose.ui.Modifier?, shape: androidx.compose.ui.graphics.Shape?, color: androidx.compose.ui.graphics.Color, contentColor: androidx.compose.ui.graphics.Color, tonalElevation: androidx.compose.ui.unit.Dp, shadowElevation: androidx.compose.ui.unit.Dp, border: androidx.compose.foundation.BorderStroke?, content: @[Composable] kotlin.Function0<kotlin.Unit>, $mask0: kotlin.Int, $handler: kotlin.Any?): kotlin.Unit declared in androidx.compose.material3.SurfaceKt' type=kotlin.Unit origin=DEFAULT_DISPATCH_CALL
                modifier: COMPOSITE type=androidx.compose.ui.Modifier? origin=DEFAULT_VALUE
                  CONST Null type=androidx.compose.ui.Modifier? value=null
                shape: COMPOSITE type=androidx.compose.ui.graphics.Shape? origin=DEFAULT_VALUE
                  CONST Null type=androidx.compose.ui.graphics.Shape? value=null
                color: CALL 'public final fun getWhite-0d7_KjU (): androidx.compose.ui.graphics.Color declared in androidx.compose.ui.graphics.Color.Companion' type=androidx.compose.ui.graphics.Color origin=GET_PROPERTY
                  $this: GET_FIELD 'FIELD FIELD_FOR_OBJECT_INSTANCE name:Companion type:androidx.compose.ui.graphics.Color.Companion visibility:public [final,static]' type=androidx.compose.ui.graphics.Color.Companion origin=null
                contentColor: COMPOSITE type=androidx.compose.ui.graphics.Color origin=DEFAULT_VALUE
                  CALL 'public final fun <unsafe-coerce> <T, R> (v: T of kotlin.jvm.internal.<unsafe-coerce>): R of kotlin.jvm.internal.<unsafe-coerce> declared in kotlin.jvm.internal' type=androidx.compose.ui.graphics.Color origin=null
                    <T>: kotlin.Long
                    <R>: androidx.compose.ui.graphics.Color
                    v: CONST Long type=kotlin.Long value=0
                tonalElevation: COMPOSITE type=androidx.compose.ui.unit.Dp origin=DEFAULT_VALUE
                  CALL 'public final fun <unsafe-coerce> <T, R> (v: T of kotlin.jvm.internal.<unsafe-coerce>): R of kotlin.jvm.internal.<unsafe-coerce> declared in kotlin.jvm.internal' type=androidx.compose.ui.unit.Dp origin=null
                    <T>: kotlin.Float
                    <R>: androidx.compose.ui.unit.Dp
                    v: CONST Float type=kotlin.Float value=0.0
                shadowElevation: COMPOSITE type=androidx.compose.ui.unit.Dp origin=DEFAULT_VALUE
                  CALL 'public final fun <unsafe-coerce> <T, R> (v: T of kotlin.jvm.internal.<unsafe-coerce>): R of kotlin.jvm.internal.<unsafe-coerce> declared in kotlin.jvm.internal' type=androidx.compose.ui.unit.Dp origin=null
                    <T>: kotlin.Float
                    <R>: androidx.compose.ui.unit.Dp
                    v: CONST Float type=kotlin.Float value=0.0
                border: COMPOSITE type=androidx.compose.foundation.BorderStroke? origin=DEFAULT_VALUE
                  CONST Null type=androidx.compose.foundation.BorderStroke? value=null
                content: BLOCK type=com.example.uniplan.AddSubjects.onCreate.<no name provided>.invoke.<no name provided> origin=null
                  CLASS LAMBDA_IMPL CLASS name:<no name provided> modality:FINAL visibility:public/*package*/ superTypes:[kotlin.jvm.internal.Lambda; kotlin.Function0<kotlin.Unit>]
                    $this: VALUE_PARAMETER INSTANCE_RECEIVER name:<this> type:com.example.uniplan.AddSubjects.onCreate.<no name provided>.invoke.<no name provided>
                    CONSTRUCTOR GENERATED_MEMBER_IN_CALLABLE_REFERENCE visibility:public/*package*/ <> (this$0:com.example.uniplan.AddSubjects, $t:kotlin.jvm.internal.Ref.ObjectRef<kotlin.String>) returnType:com.example.uniplan.AddSubjects.onCreate.<no name provided>.invoke.<no name provided> [primary]
                      VALUE_PARAMETER BOUND_RECEIVER_PARAMETER name:this$0 index:0 type:com.example.uniplan.AddSubjects
                      VALUE_PARAMETER BOUND_VALUE_PARAMETER name:$t index:1 type:kotlin.jvm.internal.Ref.ObjectRef<kotlin.String>
                      BLOCK_BODY
                        SET_FIELD 'FIELD FIELD_FOR_CAPTURED_VALUE name:this$0 type:com.example.uniplan.AddSubjects visibility:public/*package*/ [final]' type=kotlin.Unit origin=INITIALIZER_OF_FIELD_FOR_CAPTURED_VALUE
                          receiver: GET_VAR '<this>: com.example.uniplan.AddSubjects.onCreate.<no name provided>.invoke.<no name provided> declared in com.example.uniplan.AddSubjects.onCreate.<no name provided>.invoke.<no name provided>' type=com.example.uniplan.AddSubjects.onCreate.<no name provided>.invoke.<no name provided> origin=null
                          value: GET_VAR 'this$0: com.example.uniplan.AddSubjects declared in com.example.uniplan.AddSubjects.onCreate.<no name provided>.invoke.<no name provided>.<init>' type=com.example.uniplan.AddSubjects origin=null
                        SET_FIELD 'FIELD FIELD_FOR_CAPTURED_VALUE name:$t type:kotlin.jvm.internal.Ref.ObjectRef<kotlin.String> visibility:public/*package*/ [final]' type=kotlin.Unit origin=INITIALIZER_OF_FIELD_FOR_CAPTURED_VALUE
                          receiver: GET_VAR '<this>: com.example.uniplan.AddSubjects.onCreate.<no name provided>.invoke.<no name provided> declared in com.example.uniplan.AddSubjects.onCreate.<no name provided>.invoke.<no name provided>' type=com.example.uniplan.AddSubjects.onCreate.<no name provided>.invoke.<no name provided> origin=null
                          value: GET_VAR '$t: kotlin.jvm.internal.Ref.ObjectRef<kotlin.String> declared in com.example.uniplan.AddSubjects.onCreate.<no name provided>.invoke.<no name provided>.<init>' type=kotlin.jvm.internal.Ref.ObjectRef<kotlin.String> origin=null
                        DELEGATING_CONSTRUCTOR_CALL 'public constructor <init> (arity: kotlin.Int) declared in kotlin.jvm.internal.Lambda'
                          arity: CONST Int type=kotlin.Int value=0
                        BLOCK type=kotlin.Unit origin=null
                    FUN name:invoke visibility:public modality:FINAL <> ($this:com.example.uniplan.AddSubjects.onCreate.<no name provided>.invoke.<no name provided>) returnType:kotlin.Unit
                      overridden:
                        public abstract fun invoke (): R of kotlin.Function0 [operator] declared in kotlin.Function0
                      $this: VALUE_PARAMETER INSTANCE_RECEIVER name:<this> type:com.example.uniplan.AddSubjects.onCreate.<no name provided>.invoke.<no name provided>
                      BLOCK_BODY
                        CALL 'public final fun Box$default (modifier: androidx.compose.ui.Modifier?, contentAlignment: androidx.compose.ui.Alignment?, propagateMinConstraints: kotlin.Boolean, content: @[Composable] @[ExtensionFunctionType] kotlin.Function1<androidx.compose.foundation.layout.BoxScope, kotlin.Unit>, $mask0: kotlin.Int, $handler: kotlin.Any?): kotlin.Unit [inline] declared in androidx.compose.foundation.layout.BoxKt' type=kotlin.Unit origin=DEFAULT_DISPATCH_CALL
                          modifier: CALL 'public final fun fillMaxSize$default (fraction: kotlin.Float, $mask0: kotlin.Int, $handler: kotlin.Any?): androidx.compose.ui.Modifier declared in androidx.compose.foundation.layout.SizeKt' type=androidx.compose.ui.Modifier origin=DEFAULT_DISPATCH_CALL
                            $receiver: GET_FIELD 'FIELD FIELD_FOR_OBJECT_INSTANCE name:Companion type:androidx.compose.ui.Modifier.Companion visibility:public [final,static]' type=androidx.compose.ui.Modifier.Companion origin=null
                            fraction: COMPOSITE type=kotlin.Float origin=DEFAULT_VALUE
                              CONST Float type=kotlin.Float value=0.0
                            $mask0: CONST Int type=kotlin.Int value=1
                            $handler: CONST Null type=kotlin.Any? value=null
                          contentAlignment: COMPOSITE type=androidx.compose.ui.Alignment? origin=DEFAULT_VALUE
                            CONST Null type=androidx.compose.ui.Alignment? value=null
                          propagateMinConstraints: COMPOSITE type=kotlin.Boolean origin=DEFAULT_VALUE
                            CONST Boolean type=kotlin.Boolean value=false
                          content: BLOCK type=@[ExtensionFunctionType] kotlin.Function1<androidx.compose.foundation.layout.BoxScope, kotlin.Unit> origin=LAMBDA
                            COMPOSITE type=kotlin.Unit origin=null
                            FUNCTION_REFERENCE 'private final fun invoke$lambda$0 (this$0: com.example.uniplan.AddSubjects, $t: kotlin.jvm.internal.Ref.ObjectRef<kotlin.String>): kotlin.Unit declared in com.example.uniplan.AddSubjects.onCreate.<no name provided>.invoke.<no name provided>' type=@[ExtensionFunctionType] kotlin.Function1<androidx.compose.foundation.layout.BoxScope, kotlin.Unit> origin=INLINE_LAMBDA reflectionTarget=null
                              this$0: GET_FIELD 'FIELD FIELD_FOR_CAPTURED_VALUE name:this$0 type:com.example.uniplan.AddSubjects visibility:public/*package*/ [final]' type=com.example.uniplan.AddSubjects origin=null
                                receiver: GET_VAR '<this>: com.example.uniplan.AddSubjects.onCreate.<no name provided>.invoke.<no name provided> declared in com.example.uniplan.AddSubjects.onCreate.<no name provided>.invoke.<no name provided>.invoke' type=com.example.uniplan.AddSubjects.onCreate.<no name provided>.invoke.<no name provided> origin=null
                              $t: GET_FIELD 'FIELD FIELD_FOR_CAPTURED_VALUE name:$t type:kotlin.jvm.internal.Ref.ObjectRef<kotlin.String> visibility:public/*package*/ [final]' type=kotlin.jvm.internal.Ref.ObjectRef<kotlin.String> origin=null
                                receiver: GET_VAR '<this>: com.example.uniplan.AddSubjects.onCreate.<no name provided>.invoke.<no name provided> declared in com.example.uniplan.AddSubjects.onCreate.<no name provided>.invoke.<no name provided>.invoke' type=com.example.uniplan.AddSubjects.onCreate.<no name provided>.invoke.<no name provided> origin=null
                          $mask0: CONST Int type=kotlin.Int value=6
                          $handler: CONST Null type=kotlin.Any? value=null
                    FIELD FIELD_FOR_CAPTURED_VALUE name:this$0 type:com.example.uniplan.AddSubjects visibility:public/*package*/ [final]
                    FIELD FIELD_FOR_CAPTURED_VALUE name:$t type:kotlin.jvm.internal.Ref.ObjectRef<kotlin.String> visibility:public/*package*/ [final]
                    FUN INLINE_LAMBDA name:invoke$lambda$0 visibility:private modality:FINAL <> ($receiver:androidx.compose.foundation.layout.BoxScope, this$0:com.example.uniplan.AddSubjects, $t:kotlin.jvm.internal.Ref.ObjectRef<kotlin.String>) returnType:kotlin.Unit
                      $receiver: VALUE_PARAMETER name:$this$Box type:androidx.compose.foundation.layout.BoxScope
                      VALUE_PARAMETER BOUND_VALUE_PARAMETER name:this$0 index:0 type:com.example.uniplan.AddSubjects
                      VALUE_PARAMETER BOUND_VALUE_PARAMETER name:$t index:1 type:kotlin.jvm.internal.Ref.ObjectRef<kotlin.String>
                      BLOCK_BODY
                        VAR name:$i$a$-Box$default-AddSubjects$onCreate$3$1$1 type:kotlin.Int [val]
                          CONST Int type=kotlin.Int value=0
                        CALL 'public final fun Balloon$default ($this: com.example.uniplan.AddSubjects, text: kotlin.String, modifier: androidx.compose.ui.Modifier?, $mask0: kotlin.Int, $handler: kotlin.Any?): kotlin.Unit declared in com.example.uniplan.AddSubjects' type=kotlin.Unit origin=DEFAULT_DISPATCH_CALL
                          $this: GET_VAR 'this$0: com.example.uniplan.AddSubjects declared in com.example.uniplan.AddSubjects.onCreate.<no name provided>.invoke.<no name provided>.invoke$lambda$0' type=com.example.uniplan.AddSubjects origin=null
                          text: GET_FIELD 'FIELD IR_BUILTINS_STUB name:element type:T of kotlin.jvm.internal.Ref.ObjectRef visibility:public' type=kotlin.String origin=null
                            receiver: GET_VAR '$t: kotlin.jvm.internal.Ref.ObjectRef<kotlin.String> declared in com.example.uniplan.AddSubjects.onCreate.<no name provided>.invoke.<no name provided>.invoke$lambda$0' type=kotlin.jvm.internal.Ref.ObjectRef<kotlin.String> origin=null
                          modifier: COMPOSITE type=androidx.compose.ui.Modifier? origin=DEFAULT_VALUE
                            CONST Null type=androidx.compose.ui.Modifier? value=null
                          $mask0: CONST Int type=kotlin.Int value=2
                          $handler: CONST Null type=kotlin.Any? value=null
                    FUN BRIDGE name:invoke visibility:public modality:OPEN <> ($this:com.example.uniplan.AddSubjects.onCreate.<no name provided>.invoke.<no name provided>) returnType:kotlin.Any?
                      $this: VALUE_PARAMETER INSTANCE_RECEIVER name:<this> type:com.example.uniplan.AddSubjects.onCreate.<no name provided>.invoke.<no name provided>
                      EXPRESSION_BODY
                        RETURN type=kotlin.Nothing from='public open fun invoke (): kotlin.Any? declared in com.example.uniplan.AddSubjects.onCreate.<no name provided>.invoke.<no name provided>'
                          CALL 'public final fun invoke (): kotlin.Unit declared in com.example.uniplan.AddSubjects.onCreate.<no name provided>.invoke.<no name provided>' type=kotlin.Unit origin=BRIDGE_DELEGATION
                            $this: GET_VAR '<this>: com.example.uniplan.AddSubjects.onCreate.<no name provided>.invoke.<no name provided> declared in com.example.uniplan.AddSubjects.onCreate.<no name provided>.invoke.<no name provided>.invoke' type=com.example.uniplan.AddSubjects.onCreate.<no name provided>.invoke.<no name provided> origin=null
                  CONSTRUCTOR_CALL 'public/*package*/ constructor <init> (this$0: com.example.uniplan.AddSubjects, $t: kotlin.jvm.internal.Ref.ObjectRef<kotlin.String>) [primary] declared in com.example.uniplan.AddSubjects.onCreate.<no name provided>.invoke.<no name provided>' type=com.example.uniplan.AddSubjects.onCreate.<no name provided>.invoke.<no name provided> origin=null
                    this$0: GET_FIELD 'FIELD FIELD_FOR_CAPTURED_VALUE name:this$0 type:com.example.uniplan.AddSubjects visibility:public/*package*/ [final]' type=com.example.uniplan.AddSubjects origin=null
                      receiver: GET_VAR '<this>: com.example.uniplan.AddSubjects.onCreate.<no name provided> declared in com.example.uniplan.AddSubjects.onCreate.<no name provided>.invoke' type=com.example.uniplan.AddSubjects.onCreate.<no name provided> origin=null
                    $t: GET_FIELD 'FIELD FIELD_FOR_CAPTURED_VALUE name:$t type:kotlin.jvm.internal.Ref.ObjectRef<kotlin.String> visibility:public/*package*/ [final]' type=kotlin.jvm.internal.Ref.ObjectRef<kotlin.String> origin=null
                      receiver: GET_VAR '<this>: com.example.uniplan.AddSubjects.onCreate.<no name provided> declared in com.example.uniplan.AddSubjects.onCreate.<no name provided>.invoke' type=com.example.uniplan.AddSubjects.onCreate.<no name provided> origin=null
                $mask0: CONST Int type=kotlin.Int value=123
                $handler: CONST Null type=kotlin.Any? value=null
          FIELD FIELD_FOR_CAPTURED_VALUE name:this$0 type:com.example.uniplan.AddSubjects visibility:public/*package*/ [final]
          FIELD FIELD_FOR_CAPTURED_VALUE name:$t type:kotlin.jvm.internal.Ref.ObjectRef<kotlin.String> visibility:public/*package*/ [final]
          FUN BRIDGE name:invoke visibility:public modality:OPEN <> ($this:com.example.uniplan.AddSubjects.onCreate.<no name provided>) returnType:kotlin.Any?
            $this: VALUE_PARAMETER INSTANCE_RECEIVER name:<this> type:com.example.uniplan.AddSubjects.onCreate.<no name provided>
            EXPRESSION_BODY
              RETURN type=kotlin.Nothing from='public open fun invoke (): kotlin.Any? declared in com.example.uniplan.AddSubjects.onCreate.<no name provided>'
                CALL 'public final fun invoke (): kotlin.Unit declared in com.example.uniplan.AddSubjects.onCreate.<no name provided>' type=kotlin.Unit origin=BRIDGE_DELEGATION
                  $this: GET_VAR '<this>: com.example.uniplan.AddSubjects.onCreate.<no name provided> declared in com.example.uniplan.AddSubjects.onCreate.<no name provided>.invoke' type=com.example.uniplan.AddSubjects.onCreate.<no name provided> origin=null
        CONSTRUCTOR_CALL 'public/*package*/ constructor <init> (this$0: com.example.uniplan.AddSubjects, $t: kotlin.jvm.internal.Ref.ObjectRef<kotlin.String>) [primary] declared in com.example.uniplan.AddSubjects.onCreate.<no name provided>' type=com.example.uniplan.AddSubjects.onCreate.<no name provided> origin=null
          this$0: GET_VAR '<this>: com.example.uniplan.AddSubjects declared in com.example.uniplan.AddSubjects.onCreate' type=com.example.uniplan.AddSubjects origin=null
          $t: GET_VAR 'val t: kotlin.jvm.internal.Ref.ObjectRef<kotlin.String> [val] declared in com.example.uniplan.AddSubjects.onCreate' type=kotlin.jvm.internal.Ref.ObjectRef<kotlin.String> origin=null
      $mask0: CONST Int type=kotlin.Int value=1
      $handler: CONST Null type=kotlin.Any? value=null

	at org.jetbrains.kotlin.backend.jvm.codegen.FunctionCodegen.generate(FunctionCodegen.kt:51)
	at org.jetbrains.kotlin.backend.jvm.codegen.FunctionCodegen.generate$default(FunctionCodegen.kt:43)
	at org.jetbrains.kotlin.backend.jvm.codegen.ClassCodegen.generateMethodNode(ClassCodegen.kt:390)
	at org.jetbrains.kotlin.backend.jvm.codegen.ClassCodegen.generateMethod(ClassCodegen.kt:407)
	at org.jetbrains.kotlin.backend.jvm.codegen.ClassCodegen.generate(ClassCodegen.kt:169)
	at org.jetbrains.kotlin.backend.jvm.FileCodegen.lower(JvmPhases.kt:44)
	at org.jetbrains.kotlin.backend.common.phaser.FileLoweringPhaseAdapter.invoke(PhaseBuilders.kt:120)
	at org.jetbrains.kotlin.backend.common.phaser.FileLoweringPhaseAdapter.invoke(PhaseBuilders.kt:116)
	at org.jetbrains.kotlin.backend.common.phaser.NamedCompilerPhase.phaseBody(CompilerPhase.kt:147)
	at org.jetbrains.kotlin.backend.common.phaser.AbstractNamedCompilerPhase.invoke(CompilerPhase.kt:94)
	at org.jetbrains.kotlin.backend.common.phaser.PerformByIrFilePhase.invokeSequential(performByIrFile.kt:65)
	... 44 more
Caused by: java.lang.RuntimeException: Exception while generating code for:
FUN name:invoke visibility:public modality:FINAL <> ($this:com.example.uniplan.AddSubjects.onCreate.<no name provided>) returnType:kotlin.Unit
  overridden:
    public abstract fun invoke (): R of kotlin.Function0 [operator] declared in kotlin.Function0
  $this: VALUE_PARAMETER INSTANCE_RECEIVER name:<this> type:com.example.uniplan.AddSubjects.onCreate.<no name provided>
  BLOCK_BODY
    CALL 'public final fun Surface-PPo6-fI$default (modifier: androidx.compose.ui.Modifier?, shape: androidx.compose.ui.graphics.Shape?, color: androidx.compose.ui.graphics.Color, contentColor: androidx.compose.ui.graphics.Color, tonalElevation: androidx.compose.ui.unit.Dp, shadowElevation: androidx.compose.ui.unit.Dp, border: androidx.compose.foundation.BorderStroke?, content: @[Composable] kotlin.Function0<kotlin.Unit>, $mask0: kotlin.Int, $handler: kotlin.Any?): kotlin.Unit declared in androidx.compose.material3.SurfaceKt' type=kotlin.Unit origin=DEFAULT_DISPATCH_CALL
      modifier: COMPOSITE type=androidx.compose.ui.Modifier? origin=DEFAULT_VALUE
        CONST Null type=androidx.compose.ui.Modifier? value=null
      shape: COMPOSITE type=androidx.compose.ui.graphics.Shape? origin=DEFAULT_VALUE
        CONST Null type=androidx.compose.ui.graphics.Shape? value=null
      color: CALL 'public final fun getWhite-0d7_KjU (): androidx.compose.ui.graphics.Color declared in androidx.compose.ui.graphics.Color.Companion' type=androidx.compose.ui.graphics.Color origin=GET_PROPERTY
        $this: GET_FIELD 'FIELD FIELD_FOR_OBJECT_INSTANCE name:Companion type:androidx.compose.ui.graphics.Color.Companion visibility:public [final,static]' type=androidx.compose.ui.graphics.Color.Companion origin=null
      contentColor: COMPOSITE type=androidx.compose.ui.graphics.Color origin=DEFAULT_VALUE
        CALL 'public final fun <unsafe-coerce> <T, R> (v: T of kotlin.jvm.internal.<unsafe-coerce>): R of kotlin.jvm.internal.<unsafe-coerce> declared in kotlin.jvm.internal' type=androidx.compose.ui.graphics.Color origin=null
          <T>: kotlin.Long
          <R>: androidx.compose.ui.graphics.Color
          v: CONST Long type=kotlin.Long value=0
      tonalElevation: COMPOSITE type=androidx.compose.ui.unit.Dp origin=DEFAULT_VALUE
        CALL 'public final fun <unsafe-coerce> <T, R> (v: T of kotlin.jvm.internal.<unsafe-coerce>): R of kotlin.jvm.internal.<unsafe-coerce> declared in kotlin.jvm.internal' type=androidx.compose.ui.unit.Dp origin=null
          <T>: kotlin.Float
          <R>: androidx.compose.ui.unit.Dp
          v: CONST Float type=kotlin.Float value=0.0
      shadowElevation: COMPOSITE type=androidx.compose.ui.unit.Dp origin=DEFAULT_VALUE
        CALL 'public final fun <unsafe-coerce> <T, R> (v: T of kotlin.jvm.internal.<unsafe-coerce>): R of kotlin.jvm.internal.<unsafe-coerce> declared in kotlin.jvm.internal' type=androidx.compose.ui.unit.Dp origin=null
          <T>: kotlin.Float
          <R>: androidx.compose.ui.unit.Dp
          v: CONST Float type=kotlin.Float value=0.0
      border: COMPOSITE type=androidx.compose.foundation.BorderStroke? origin=DEFAULT_VALUE
        CONST Null type=androidx.compose.foundation.BorderStroke? value=null
      content: BLOCK type=com.example.uniplan.AddSubjects.onCreate.<no name provided>.invoke.<no name provided> origin=null
        CLASS LAMBDA_IMPL CLASS name:<no name provided> modality:FINAL visibility:public/*package*/ superTypes:[kotlin.jvm.internal.Lambda; kotlin.Function0<kotlin.Unit>]
          $this: VALUE_PARAMETER INSTANCE_RECEIVER name:<this> type:com.example.uniplan.AddSubjects.onCreate.<no name provided>.invoke.<no name provided>
          CONSTRUCTOR GENERATED_MEMBER_IN_CALLABLE_REFERENCE visibility:public/*package*/ <> (this$0:com.example.uniplan.AddSubjects, $t:kotlin.jvm.internal.Ref.ObjectRef<kotlin.String>) returnType:com.example.uniplan.AddSubjects.onCreate.<no name provided>.invoke.<no name provided> [primary]
            VALUE_PARAMETER BOUND_RECEIVER_PARAMETER name:this$0 index:0 type:com.example.uniplan.AddSubjects
            VALUE_PARAMETER BOUND_VALUE_PARAMETER name:$t index:1 type:kotlin.jvm.internal.Ref.ObjectRef<kotlin.String>
            BLOCK_BODY
              SET_FIELD 'FIELD FIELD_FOR_CAPTURED_VALUE name:this$0 type:com.example.uniplan.AddSubjects visibility:public/*package*/ [final]' type=kotlin.Unit origin=INITIALIZER_OF_FIELD_FOR_CAPTURED_VALUE
                receiver: GET_VAR '<this>: com.example.uniplan.AddSubjects.onCreate.<no name provided>.invoke.<no name provided> declared in com.example.uniplan.AddSubjects.onCreate.<no name provided>.invoke.<no name provided>' type=com.example.uniplan.AddSubjects.onCreate.<no name provided>.invoke.<no name provided> origin=null
                value: GET_VAR 'this$0: com.example.uniplan.AddSubjects declared in com.example.uniplan.AddSubjects.onCreate.<no name provided>.invoke.<no name provided>.<init>' type=com.example.uniplan.AddSubjects origin=null
              SET_FIELD 'FIELD FIELD_FOR_CAPTURED_VALUE name:$t type:kotlin.jvm.internal.Ref.ObjectRef<kotlin.String> visibility:public/*package*/ [final]' type=kotlin.Unit origin=INITIALIZER_OF_FIELD_FOR_CAPTURED_VALUE
                receiver: GET_VAR '<this>: com.example.uniplan.AddSubjects.onCreate.<no name provided>.invoke.<no name provided> declared in com.example.uniplan.AddSubjects.onCreate.<no name provided>.invoke.<no name provided>' type=com.example.uniplan.AddSubjects.onCreate.<no name provided>.invoke.<no name provided> origin=null
                value: GET_VAR '$t: kotlin.jvm.internal.Ref.ObjectRef<kotlin.String> declared in com.example.uniplan.AddSubjects.onCreate.<no name provided>.invoke.<no name provided>.<init>' type=kotlin.jvm.internal.Ref.ObjectRef<kotlin.String> origin=null
              DELEGATING_CONSTRUCTOR_CALL 'public constructor <init> (arity: kotlin.Int) declared in kotlin.jvm.internal.Lambda'
                arity: CONST Int type=kotlin.Int value=0
              BLOCK type=kotlin.Unit origin=null
          FUN name:invoke visibility:public modality:FINAL <> ($this:com.example.uniplan.AddSubjects.onCreate.<no name provided>.invoke.<no name provided>) returnType:kotlin.Unit
            overridden:
              public abstract fun invoke (): R of kotlin.Function0 [operator] declared in kotlin.Function0
            $this: VALUE_PARAMETER INSTANCE_RECEIVER name:<this> type:com.example.uniplan.AddSubjects.onCreate.<no name provided>.invoke.<no name provided>
            BLOCK_BODY
              CALL 'public final fun Box$default (modifier: androidx.compose.ui.Modifier?, contentAlignment: androidx.compose.ui.Alignment?, propagateMinConstraints: kotlin.Boolean, content: @[Composable] @[ExtensionFunctionType] kotlin.Function1<androidx.compose.foundation.layout.BoxScope, kotlin.Unit>, $mask0: kotlin.Int, $handler: kotlin.Any?): kotlin.Unit [inline] declared in androidx.compose.foundation.layout.BoxKt' type=kotlin.Unit origin=DEFAULT_DISPATCH_CALL
                modifier: CALL 'public final fun fillMaxSize$default (fraction: kotlin.Float, $mask0: kotlin.Int, $handler: kotlin.Any?): androidx.compose.ui.Modifier declared in androidx.compose.foundation.layout.SizeKt' type=androidx.compose.ui.Modifier origin=DEFAULT_DISPATCH_CALL
                  $receiver: GET_FIELD 'FIELD FIELD_FOR_OBJECT_INSTANCE name:Companion type:androidx.compose.ui.Modifier.Companion visibility:public [final,static]' type=androidx.compose.ui.Modifier.Companion origin=null
                  fraction: COMPOSITE type=kotlin.Float origin=DEFAULT_VALUE
                    CONST Float type=kotlin.Float value=0.0
                  $mask0: CONST Int type=kotlin.Int value=1
                  $handler: CONST Null type=kotlin.Any? value=null
                contentAlignment: COMPOSITE type=androidx.compose.ui.Alignment? origin=DEFAULT_VALUE
                  CONST Null type=androidx.compose.ui.Alignment? value=null
                propagateMinConstraints: COMPOSITE type=kotlin.Boolean origin=DEFAULT_VALUE
                  CONST Boolean type=kotlin.Boolean value=false
                content: BLOCK type=@[ExtensionFunctionType] kotlin.Function1<androidx.compose.foundation.layout.BoxScope, kotlin.Unit> origin=LAMBDA
                  COMPOSITE type=kotlin.Unit origin=null
                  FUNCTION_REFERENCE 'private final fun invoke$lambda$0 (this$0: com.example.uniplan.AddSubjects, $t: kotlin.jvm.internal.Ref.ObjectRef<kotlin.String>): kotlin.Unit declared in com.example.uniplan.AddSubjects.onCreate.<no name provided>.invoke.<no name provided>' type=@[ExtensionFunctionType] kotlin.Function1<androidx.compose.foundation.layout.BoxScope, kotlin.Unit> origin=INLINE_LAMBDA reflectionTarget=null
                    this$0: GET_FIELD 'FIELD FIELD_FOR_CAPTURED_VALUE name:this$0 type:com.example.uniplan.AddSubjects visibility:public/*package*/ [final]' type=com.example.uniplan.AddSubjects origin=null
                      receiver: GET_VAR '<this>: com.example.uniplan.AddSubjects.onCreate.<no name provided>.invoke.<no name provided> declared in com.example.uniplan.AddSubjects.onCreate.<no name provided>.invoke.<no name provided>.invoke' type=com.example.uniplan.AddSubjects.onCreate.<no name provided>.invoke.<no name provided> origin=null
                    $t: GET_FIELD 'FIELD FIELD_FOR_CAPTURED_VALUE name:$t type:kotlin.jvm.internal.Ref.ObjectRef<kotlin.String> visibility:public/*package*/ [final]' type=kotlin.jvm.internal.Ref.ObjectRef<kotlin.String> origin=null
                      receiver: GET_VAR '<this>: com.example.uniplan.AddSubjects.onCreate.<no name provided>.invoke.<no name provided> declared in com.example.uniplan.AddSubjects.onCreate.<no name provided>.invoke.<no name provided>.invoke' type=com.example.uniplan.AddSubjects.onCreate.<no name provided>.invoke.<no name provided> origin=null
                $mask0: CONST Int type=kotlin.Int value=6
                $handler: CONST Null type=kotlin.Any? value=null
          FIELD FIELD_FOR_CAPTURED_VALUE name:this$0 type:com.example.uniplan.AddSubjects visibility:public/*package*/ [final]
          FIELD FIELD_FOR_CAPTURED_VALUE name:$t type:kotlin.jvm.internal.Ref.ObjectRef<kotlin.String> visibility:public/*package*/ [final]
          FUN INLINE_LAMBDA name:invoke$lambda$0 visibility:private modality:FINAL <> ($receiver:androidx.compose.foundation.layout.BoxScope, this$0:com.example.uniplan.AddSubjects, $t:kotlin.jvm.internal.Ref.ObjectRef<kotlin.String>) returnType:kotlin.Unit
            $receiver: VALUE_PARAMETER name:$this$Box type:androidx.compose.foundation.layout.BoxScope
            VALUE_PARAMETER BOUND_VALUE_PARAMETER name:this$0 index:0 type:com.example.uniplan.AddSubjects
            VALUE_PARAMETER BOUND_VALUE_PARAMETER name:$t index:1 type:kotlin.jvm.internal.Ref.ObjectRef<kotlin.String>
            BLOCK_BODY
              VAR name:$i$a$-Box$default-AddSubjects$onCreate$3$1$1 type:kotlin.Int [val]
                CONST Int type=kotlin.Int value=0
              CALL 'public final fun Balloon$default ($this: com.example.uniplan.AddSubjects, text: kotlin.String, modifier: androidx.compose.ui.Modifier?, $mask0: kotlin.Int, $handler: kotlin.Any?): kotlin.Unit declared in com.example.uniplan.AddSubjects' type=kotlin.Unit origin=DEFAULT_DISPATCH_CALL
                $this: GET_VAR 'this$0: com.example.uniplan.AddSubjects declared in com.example.uniplan.AddSubjects.onCreate.<no name provided>.invoke.<no name provided>.invoke$lambda$0' type=com.example.uniplan.AddSubjects origin=null
                text: GET_FIELD 'FIELD IR_BUILTINS_STUB name:element type:T of kotlin.jvm.internal.Ref.ObjectRef visibility:public' type=kotlin.String origin=null
                  receiver: GET_VAR '$t: kotlin.jvm.internal.Ref.ObjectRef<kotlin.String> declared in com.example.uniplan.AddSubjects.onCreate.<no name provided>.invoke.<no name provided>.invoke$lambda$0' type=kotlin.jvm.internal.Ref.ObjectRef<kotlin.String> origin=null
                modifier: COMPOSITE type=androidx.compose.ui.Modifier? origin=DEFAULT_VALUE
                  CONST Null type=androidx.compose.ui.Modifier? value=null
                $mask0: CONST Int type=kotlin.Int value=2
                $handler: CONST Null type=kotlin.Any? value=null
          FUN BRIDGE name:invoke visibility:public modality:OPEN <> ($this:com.example.uniplan.AddSubjects.onCreate.<no name provided>.invoke.<no name provided>) returnType:kotlin.Any?
            $this: VALUE_PARAMETER INSTANCE_RECEIVER name:<this> type:com.example.uniplan.AddSubjects.onCreate.<no name provided>.invoke.<no name provided>
            EXPRESSION_BODY
              RETURN type=kotlin.Nothing from='public open fun invoke (): kotlin.Any? declared in com.example.uniplan.AddSubjects.onCreate.<no name provided>.invoke.<no name provided>'
                CALL 'public final fun invoke (): kotlin.Unit declared in com.example.uniplan.AddSubjects.onCreate.<no name provided>.invoke.<no name provided>' type=kotlin.Unit origin=BRIDGE_DELEGATION
                  $this: GET_VAR '<this>: com.example.uniplan.AddSubjects.onCreate.<no name provided>.invoke.<no name provided> declared in com.example.uniplan.AddSubjects.onCreate.<no name provided>.invoke.<no name provided>.invoke' type=com.example.uniplan.AddSubjects.onCreate.<no name provided>.invoke.<no name provided> origin=null
        CONSTRUCTOR_CALL 'public/*package*/ constructor <init> (this$0: com.example.uniplan.AddSubjects, $t: kotlin.jvm.internal.Ref.ObjectRef<kotlin.String>) [primary] declared in com.example.uniplan.AddSubjects.onCreate.<no name provided>.invoke.<no name provided>' type=com.example.uniplan.AddSubjects.onCreate.<no name provided>.invoke.<no name provided> origin=null
          this$0: GET_FIELD 'FIELD FIELD_FOR_CAPTURED_VALUE name:this$0 type:com.example.uniplan.AddSubjects visibility:public/*package*/ [final]' type=com.example.uniplan.AddSubjects origin=null
            receiver: GET_VAR '<this>: com.example.uniplan.AddSubjects.onCreate.<no name provided> declared in com.example.uniplan.AddSubjects.onCreate.<no name provided>.invoke' type=com.example.uniplan.AddSubjects.onCreate.<no name provided> origin=null
          $t: GET_FIELD 'FIELD FIELD_FOR_CAPTURED_VALUE name:$t type:kotlin.jvm.internal.Ref.ObjectRef<kotlin.String> visibility:public/*package*/ [final]' type=kotlin.jvm.internal.Ref.ObjectRef<kotlin.String> origin=null
            receiver: GET_VAR '<this>: com.example.uniplan.AddSubjects.onCreate.<no name provided> declared in com.example.uniplan.AddSubjects.onCreate.<no name provided>.invoke' type=com.example.uniplan.AddSubjects.onCreate.<no name provided> origin=null
      $mask0: CONST Int type=kotlin.Int value=123
      $handler: CONST Null type=kotlin.Any? value=null

	at org.jetbrains.kotlin.backend.jvm.codegen.FunctionCodegen.generate(FunctionCodegen.kt:51)
	at org.jetbrains.kotlin.backend.jvm.codegen.FunctionCodegen.generate$default(FunctionCodegen.kt:43)
	at org.jetbrains.kotlin.backend.jvm.codegen.ClassCodegen.generateMethodNode(ClassCodegen.kt:390)
	at org.jetbrains.kotlin.backend.jvm.codegen.ClassCodegen.generateMethod(ClassCodegen.kt:407)
	at org.jetbrains.kotlin.backend.jvm.codegen.ClassCodegen.generate(ClassCodegen.kt:169)
	at org.jetbrains.kotlin.backend.jvm.codegen.ExpressionCodegen.visitClass(ExpressionCodegen.kt:998)
	at org.jetbrains.kotlin.backend.jvm.codegen.ExpressionCodegen.visitClass(ExpressionCodegen.kt:136)
	at org.jetbrains.kotlin.ir.declarations.IrClass.accept(IrClass.kt:73)
	at org.jetbrains.kotlin.backend.jvm.codegen.ExpressionCodegen.visitStatementContainer(ExpressionCodegen.kt:594)
	at org.jetbrains.kotlin.backend.jvm.codegen.ExpressionCodegen.visitContainerExpression(ExpressionCodegen.kt:608)
	at org.jetbrains.kotlin.backend.jvm.codegen.ExpressionCodegen.visitContainerExpression(ExpressionCodegen.kt:136)
	at org.jetbrains.kotlin.ir.visitors.IrElementVisitor$DefaultImpls.visitBlock(IrElementVisitor.kt:192)
	at org.jetbrains.kotlin.backend.jvm.codegen.ExpressionCodegen.visitBlock(ExpressionCodegen.kt:419)
	at org.jetbrains.kotlin.backend.jvm.codegen.ExpressionCodegen.visitBlock(ExpressionCodegen.kt:136)
	at org.jetbrains.kotlin.ir.expressions.IrBlock.accept(IrBlock.kt:20)
	at org.jetbrains.kotlin.backend.jvm.codegen.ExpressionCodegen.gen(ExpressionCodegen.kt:228)
	at org.jetbrains.kotlin.backend.jvm.codegen.IrCallGenerator.genValueAndPut(IrCallGenerator.kt:48)
	at org.jetbrains.kotlin.backend.jvm.codegen.ExpressionCodegen.visitCall$handleValueParameter(ExpressionCodegen.kt:638)
	at org.jetbrains.kotlin.backend.jvm.codegen.ExpressionCodegen.visitCall(ExpressionCodegen.kt:651)
	at org.jetbrains.kotlin.backend.jvm.codegen.ExpressionCodegen.visitCall(ExpressionCodegen.kt:136)
	at org.jetbrains.kotlin.ir.expressions.IrCall.accept(IrCall.kt:26)
	at org.jetbrains.kotlin.backend.jvm.codegen.ExpressionCodegen.visitStatementContainer(ExpressionCodegen.kt:594)
	at org.jetbrains.kotlin.backend.jvm.codegen.ExpressionCodegen.visitBlockBody(ExpressionCodegen.kt:599)
	at org.jetbrains.kotlin.backend.jvm.codegen.ExpressionCodegen.visitBlockBody(ExpressionCodegen.kt:136)
	at org.jetbrains.kotlin.ir.expressions.IrBlockBody.accept(IrBlockBody.kt:25)
	at org.jetbrains.kotlin.backend.jvm.codegen.ExpressionCodegen.generate(ExpressionCodegen.kt:251)
	at org.jetbrains.kotlin.backend.jvm.codegen.FunctionCodegen.doGenerate(FunctionCodegen.kt:122)
	at org.jetbrains.kotlin.backend.jvm.codegen.FunctionCodegen.generate(FunctionCodegen.kt:47)
	... 54 more
Caused by: java.lang.RuntimeException: Exception while generating code for:
FUN name:invoke visibility:public modality:FINAL <> ($this:com.example.uniplan.AddSubjects.onCreate.<no name provided>.invoke.<no name provided>) returnType:kotlin.Unit
  overridden:
    public abstract fun invoke (): R of kotlin.Function0 [operator] declared in kotlin.Function0
  $this: VALUE_PARAMETER INSTANCE_RECEIVER name:<this> type:com.example.uniplan.AddSubjects.onCreate.<no name provided>.invoke.<no name provided>
  BLOCK_BODY
    CALL 'public final fun Box$default (modifier: androidx.compose.ui.Modifier?, contentAlignment: androidx.compose.ui.Alignment?, propagateMinConstraints: kotlin.Boolean, content: @[Composable] @[ExtensionFunctionType] kotlin.Function1<androidx.compose.foundation.layout.BoxScope, kotlin.Unit>, $mask0: kotlin.Int, $handler: kotlin.Any?): kotlin.Unit [inline] declared in androidx.compose.foundation.layout.BoxKt' type=kotlin.Unit origin=DEFAULT_DISPATCH_CALL
      modifier: CALL 'public final fun fillMaxSize$default (fraction: kotlin.Float, $mask0: kotlin.Int, $handler: kotlin.Any?): androidx.compose.ui.Modifier declared in androidx.compose.foundation.layout.SizeKt' type=androidx.compose.ui.Modifier origin=DEFAULT_DISPATCH_CALL
        $receiver: GET_FIELD 'FIELD FIELD_FOR_OBJECT_INSTANCE name:Companion type:androidx.compose.ui.Modifier.Companion visibility:public [final,static]' type=androidx.compose.ui.Modifier.Companion origin=null
        fraction: COMPOSITE type=kotlin.Float origin=DEFAULT_VALUE
          CONST Float type=kotlin.Float value=0.0
        $mask0: CONST Int type=kotlin.Int value=1
        $handler: CONST Null type=kotlin.Any? value=null
      contentAlignment: COMPOSITE type=androidx.compose.ui.Alignment? origin=DEFAULT_VALUE
        CONST Null type=androidx.compose.ui.Alignment? value=null
      propagateMinConstraints: COMPOSITE type=kotlin.Boolean origin=DEFAULT_VALUE
        CONST Boolean type=kotlin.Boolean value=false
      content: BLOCK type=@[ExtensionFunctionType] kotlin.Function1<androidx.compose.foundation.layout.BoxScope, kotlin.Unit> origin=LAMBDA
        COMPOSITE type=kotlin.Unit origin=null
        FUNCTION_REFERENCE 'private final fun invoke$lambda$0 (this$0: com.example.uniplan.AddSubjects, $t: kotlin.jvm.internal.Ref.ObjectRef<kotlin.String>): kotlin.Unit declared in com.example.uniplan.AddSubjects.onCreate.<no name provided>.invoke.<no name provided>' type=@[ExtensionFunctionType] kotlin.Function1<androidx.compose.foundation.layout.BoxScope, kotlin.Unit> origin=INLINE_LAMBDA reflectionTarget=null
          this$0: GET_FIELD 'FIELD FIELD_FOR_CAPTURED_VALUE name:this$0 type:com.example.uniplan.AddSubjects visibility:public/*package*/ [final]' type=com.example.uniplan.AddSubjects origin=null
            receiver: GET_VAR '<this>: com.example.uniplan.AddSubjects.onCreate.<no name provided>.invoke.<no name provided> declared in com.example.uniplan.AddSubjects.onCreate.<no name provided>.invoke.<no name provided>.invoke' type=com.example.uniplan.AddSubjects.onCreate.<no name provided>.invoke.<no name provided> origin=null
          $t: GET_FIELD 'FIELD FIELD_FOR_CAPTURED_VALUE name:$t type:kotlin.jvm.internal.Ref.ObjectRef<kotlin.String> visibility:public/*package*/ [final]' type=kotlin.jvm.internal.Ref.ObjectRef<kotlin.String> origin=null
            receiver: GET_VAR '<this>: com.example.uniplan.AddSubjects.onCreate.<no name provided>.invoke.<no name provided> declared in com.example.uniplan.AddSubjects.onCreate.<no name provided>.invoke.<no name provided>.invoke' type=com.example.uniplan.AddSubjects.onCreate.<no name provided>.invoke.<no name provided> origin=null
      $mask0: CONST Int type=kotlin.Int value=6
      $handler: CONST Null type=kotlin.Any? value=null

	at org.jetbrains.kotlin.backend.jvm.codegen.FunctionCodegen.generate(FunctionCodegen.kt:51)
	at org.jetbrains.kotlin.backend.jvm.codegen.FunctionCodegen.generate$default(FunctionCodegen.kt:43)
	at org.jetbrains.kotlin.backend.jvm.codegen.ClassCodegen.generateMethodNode(ClassCodegen.kt:390)
	at org.jetbrains.kotlin.backend.jvm.codegen.ClassCodegen.generateMethod(ClassCodegen.kt:407)
	at org.jetbrains.kotlin.backend.jvm.codegen.ClassCodegen.generate(ClassCodegen.kt:169)
	at org.jetbrains.kotlin.backend.jvm.codegen.ExpressionCodegen.visitClass(ExpressionCodegen.kt:998)
	at org.jetbrains.kotlin.backend.jvm.codegen.ExpressionCodegen.visitClass(ExpressionCodegen.kt:136)
	at org.jetbrains.kotlin.ir.declarations.IrClass.accept(IrClass.kt:73)
	at org.jetbrains.kotlin.backend.jvm.codegen.ExpressionCodegen.visitStatementContainer(ExpressionCodegen.kt:594)
	at org.jetbrains.kotlin.backend.jvm.codegen.ExpressionCodegen.visitContainerExpression(ExpressionCodegen.kt:608)
	at org.jetbrains.kotlin.backend.jvm.codegen.ExpressionCodegen.visitContainerExpression(ExpressionCodegen.kt:136)
	at org.jetbrains.kotlin.ir.visitors.IrElementVisitor$DefaultImpls.visitBlock(IrElementVisitor.kt:192)
	at org.jetbrains.kotlin.backend.jvm.codegen.ExpressionCodegen.visitBlock(ExpressionCodegen.kt:419)
	at org.jetbrains.kotlin.backend.jvm.codegen.ExpressionCodegen.visitBlock(ExpressionCodegen.kt:136)
	at org.jetbrains.kotlin.ir.expressions.IrBlock.accept(IrBlock.kt:20)
	at org.jetbrains.kotlin.backend.jvm.codegen.ExpressionCodegen.gen(ExpressionCodegen.kt:228)
	at org.jetbrains.kotlin.backend.jvm.codegen.IrCallGenerator.genValueAndPut(IrCallGenerator.kt:48)
	at org.jetbrains.kotlin.backend.jvm.codegen.ExpressionCodegen.visitCall$handleValueParameter(ExpressionCodegen.kt:638)
	at org.jetbrains.kotlin.backend.jvm.codegen.ExpressionCodegen.visitCall(ExpressionCodegen.kt:651)
	at org.jetbrains.kotlin.backend.jvm.codegen.ExpressionCodegen.visitCall(ExpressionCodegen.kt:136)
	at org.jetbrains.kotlin.ir.expressions.IrCall.accept(IrCall.kt:26)
	at org.jetbrains.kotlin.backend.jvm.codegen.ExpressionCodegen.visitStatementContainer(ExpressionCodegen.kt:594)
	at org.jetbrains.kotlin.backend.jvm.codegen.ExpressionCodegen.visitBlockBody(ExpressionCodegen.kt:599)
	at org.jetbrains.kotlin.backend.jvm.codegen.ExpressionCodegen.visitBlockBody(ExpressionCodegen.kt:136)
	at org.jetbrains.kotlin.ir.expressions.IrBlockBody.accept(IrBlockBody.kt:25)
	at org.jetbrains.kotlin.backend.jvm.codegen.ExpressionCodegen.generate(ExpressionCodegen.kt:251)
	at org.jetbrains.kotlin.backend.jvm.codegen.FunctionCodegen.doGenerate(FunctionCodegen.kt:122)
	at org.jetbrains.kotlin.backend.jvm.codegen.FunctionCodegen.generate(FunctionCodegen.kt:47)
	... 81 more
Caused by: org.jetbrains.kotlin.codegen.CompilationException: Back-end (JVM) Internal error: Couldn't inline method call: CALL 'public final fun Box$default (modifier: androidx.compose.ui.Modifier?, contentAlignment: androidx.compose.ui.Alignment?, propagateMinConstraints: kotlin.Boolean, content: @[Composable] @[ExtensionFunctionType] kotlin.Function1<androidx.compose.foundation.layout.BoxScope, kotlin.Unit>, $mask0: kotlin.Int, $handler: kotlin.Any?): kotlin.Unit [inline] declared in androidx.compose.foundation.layout.BoxKt' type=kotlin.Unit origin=DEFAULT_DISPATCH_CALL
Method: null
File is unknown
The root cause java.lang.IllegalStateException was thrown at: org.jetbrains.kotlin.codegen.inline.SourceCompilerForInlineKt.getMethodNode(SourceCompilerForInline.kt:118)
	at org.jetbrains.kotlin.codegen.inline.InlineCodegen.performInline(InlineCodegen.kt:67)
	at org.jetbrains.kotlin.backend.jvm.codegen.IrInlineCodegen.genInlineCall(IrInlineCodegen.kt:159)
	at org.jetbrains.kotlin.backend.jvm.codegen.IrInlineCallGenerator.genCall(IrInlineCallGenerator.kt:31)
	at org.jetbrains.kotlin.backend.jvm.codegen.ExpressionCodegen.visitCall(ExpressionCodegen.kt:659)
	at org.jetbrains.kotlin.backend.jvm.codegen.ExpressionCodegen.visitCall(ExpressionCodegen.kt:136)
	at org.jetbrains.kotlin.ir.expressions.IrCall.accept(IrCall.kt:26)
	at org.jetbrains.kotlin.backend.jvm.codegen.ExpressionCodegen.visitStatementContainer(ExpressionCodegen.kt:594)
	at org.jetbrains.kotlin.backend.jvm.codegen.ExpressionCodegen.visitBlockBody(ExpressionCodegen.kt:599)
	at org.jetbrains.kotlin.backend.jvm.codegen.ExpressionCodegen.visitBlockBody(ExpressionCodegen.kt:136)
	at org.jetbrains.kotlin.ir.expressions.IrBlockBody.accept(IrBlockBody.kt:25)
	at org.jetbrains.kotlin.backend.jvm.codegen.ExpressionCodegen.generate(ExpressionCodegen.kt:251)
	at org.jetbrains.kotlin.backend.jvm.codegen.FunctionCodegen.doGenerate(FunctionCodegen.kt:122)
	at org.jetbrains.kotlin.backend.jvm.codegen.FunctionCodegen.generate(FunctionCodegen.kt:47)
	... 108 more
Caused by: java.lang.IllegalStateException: couldn't find inline method Landroidx/compose/foundation/layout/BoxKt;.Box$default(Landroidx/compose/ui/Modifier;Landroidx/compose/ui/Alignment;ZLkotlin/jvm/functions/Function1;ILjava/lang/Object;)V
	at org.jetbrains.kotlin.codegen.inline.SourceCompilerForInlineKt.getMethodNode(SourceCompilerForInline.kt:118)
	at org.jetbrains.kotlin.codegen.inline.SourceCompilerForInlineKt.loadCompiledInlineFunction(SourceCompilerForInline.kt:96)
	at org.jetbrains.kotlin.backend.jvm.codegen.IrSourceCompilerForInline.compileInlineFunction(IrSourceCompilerForInline.kt:91)
	at org.jetbrains.kotlin.codegen.inline.InlineCodegen.compileInline(InlineCodegen.kt:45)
	at org.jetbrains.kotlin.codegen.inline.InlineCodegen.performInline(InlineCodegen.kt:53)
	... 120 more


